# JRE version: OpenJDK Runtime Environment (11.0.8+10) (build 11.0.8+10-b944.6842174)
# Java VM: OpenJDK 64-Bit Server VM (11.0.8+10-b944.6842174, mixed mode, tiered, compressed oops, g1 gc, windows-amd64)
Heap:
 garbage-first heap   total 332800K, used 107312K [0x0000000080000000, 0x0000000100000000)
  region size 1024K, 21 young (21504K), 1 survivors (1024K)
 Metaspace       used 125369K, capacity 128925K, committed 129148K, reserved 1161216K
  class space    used 15337K, capacity 16585K, committed 16640K, reserved 1048576K
GC Heap History (20 events):
Event: 3422.668 GC heap before
{Heap before GC invocations=102 (full 0):
 garbage-first heap   total 316416K, used 103743K [0x0000000080000000, 0x0000000100000000)
  region size 1024K, 15 young (15360K), 3 survivors (3072K)
 Metaspace       used 124029K, capacity 127322K, committed 128124K, reserved 1161216K
  class space    used 15200K, capacity 16335K, committed 16640K, reserved 1048576K
}
Event: 3422.741 GC heap after
{Heap after GC invocations=103 (full 0):
 garbage-first heap   total 316416K, used 88866K [0x0000000080000000, 0x0000000100000000)
  region size 1024K, 2 young (2048K), 2 survivors (2048K)
 Metaspace       used 124029K, capacity 127322K, committed 128124K, reserved 1161216K
  class space    used 15200K, capacity 16335K, committed 16640K, reserved 1048576K
}
Event: 3434.665 GC heap before
{Heap before GC invocations=103 (full 0):
 garbage-first heap   total 316416K, used 187170K [0x0000000080000000, 0x0000000100000000)
  region size 1024K, 99 young (101376K), 2 survivors (2048K)
 Metaspace       used 124807K, capacity 128358K, committed 128636K, reserved 1161216K
  class space    used 15330K, capacity 16575K, committed 16640K, reserved 1048576K
}
Event: 3434.823 GC heap after
{Heap after GC invocations=104 (full 0):
 garbage-first heap   total 316416K, used 93404K [0x0000000080000000, 0x0000000100000000)
  region size 1024K, 6 young (6144K), 6 survivors (6144K)
 Metaspace       used 124807K, capacity 128358K, committed 128636K, reserved 1161216K
  class space    used 15330K, capacity 16575K, committed 16640K, reserved 1048576K
}
Event: 3654.397 GC heap before
{Heap before GC invocations=105 (full 0):
 garbage-first heap   total 316416K, used 315612K [0x0000000080000000, 0x0000000100000000)
  region size 1024K, 25 young (25600K), 6 survivors (6144K)
 Metaspace       used 124830K, capacity 128423K, committed 128636K, reserved 1161216K
  class space    used 15330K, capacity 16575K, committed 16640K, reserved 1048576K
}
Event: 3654.530 GC heap after
{Heap after GC invocations=106 (full 0):
 garbage-first heap   total 322560K, used 92274K [0x0000000080000000, 0x0000000100000000)
  region size 1024K, 6 young (6144K), 6 survivors (6144K)
 Metaspace       used 124830K, capacity 128423K, committed 128636K, reserved 1161216K
  class space    used 15330K, capacity 16575K, committed 16640K, reserved 1048576K
}
Event: 3655.486 GC heap before
{Heap before GC invocations=106 (full 0):
 garbage-first heap   total 322560K, used 100466K [0x0000000080000000, 0x0000000100000000)
  region size 1024K, 15 young (15360K), 6 survivors (6144K)
 Metaspace       used 124857K, capacity 128423K, committed 128636K, reserved 1161216K
  class space    used 15330K, capacity 16575K, committed 16640K, reserved 1048576K
}
Event: 3655.608 GC heap after
{Heap after GC invocations=107 (full 0):
 garbage-first heap   total 322560K, used 89182K [0x0000000080000000, 0x0000000100000000)
  region size 1024K, 2 young (2048K), 2 survivors (2048K)
 Metaspace       used 124857K, capacity 128423K, committed 128636K, reserved 1161216K
  class space    used 15330K, capacity 16575K, committed 16640K, reserved 1048576K
}
Event: 3666.549 GC heap before
{Heap before GC invocations=107 (full 0):
 garbage-first heap   total 322560K, used 179294K [0x0000000080000000, 0x0000000100000000)
  region size 1024K, 91 young (93184K), 2 survivors (2048K)
 Metaspace       used 125107K, capacity 128709K, committed 128892K, reserved 1161216K
  class space    used 15334K, capacity 16581K, committed 16640K, reserved 1048576K
}
Event: 3666.597 GC heap after
{Heap after GC invocations=108 (full 0):
 garbage-first heap   total 322560K, used 93030K [0x0000000080000000, 0x0000000100000000)
  region size 1024K, 6 young (6144K), 6 survivors (6144K)
 Metaspace       used 125107K, capacity 128709K, committed 128892K, reserved 1161216K
  class space    used 15334K, capacity 16581K, committed 16640K, reserved 1048576K
}
Event: 3767.679 GC heap before
{Heap before GC invocations=109 (full 0):
 garbage-first heap   total 322560K, used 320358K [0x0000000080000000, 0x0000000100000000)
  region size 1024K, 31 young (31744K), 6 survivors (6144K)
 Metaspace       used 125141K, capacity 128710K, committed 128892K, reserved 1161216K
  class space    used 15334K, capacity 16581K, committed 16640K, reserved 1048576K
}
Event: 3767.712 GC heap after
{Heap after GC invocations=110 (full 0):
 garbage-first heap   total 328704K, used 91941K [0x0000000080000000, 0x0000000100000000)
  region size 1024K, 6 young (6144K), 6 survivors (6144K)
 Metaspace       used 125141K, capacity 128710K, committed 128892K, reserved 1161216K
  class space    used 15334K, capacity 16581K, committed 16640K, reserved 1048576K
}
Event: 3768.468 GC heap before
{Heap before GC invocations=110 (full 0):
 garbage-first heap   total 328704K, used 102181K [0x0000000080000000, 0x0000000100000000)
  region size 1024K, 16 young (16384K), 6 survivors (6144K)
 Metaspace       used 125162K, capacity 128774K, committed 128892K, reserved 1161216K
  class space    used 15334K, capacity 16581K, committed 16640K, reserved 1048576K
}
Event: 3768.515 GC heap after
{Heap after GC invocations=111 (full 0):
 garbage-first heap   total 328704K, used 89687K [0x0000000080000000, 0x0000000100000000)
  region size 1024K, 2 young (2048K), 2 survivors (2048K)
 Metaspace       used 125162K, capacity 128774K, committed 128892K, reserved 1161216K
  class space    used 15334K, capacity 16581K, committed 16640K, reserved 1048576K
}
Event: 3776.281 GC heap before
{Heap before GC invocations=111 (full 0):
 garbage-first heap   total 328704K, used 181847K [0x0000000080000000, 0x0000000100000000)
  region size 1024K, 94 young (96256K), 2 survivors (2048K)
 Metaspace       used 125320K, capacity 128860K, committed 129148K, reserved 1161216K
  class space    used 15337K, capacity 16585K, committed 16640K, reserved 1048576K
}
Event: 3776.401 GC heap after
{Heap after GC invocations=112 (full 0):
 garbage-first heap   total 328704K, used 92988K [0x0000000080000000, 0x0000000100000000)
  region size 1024K, 6 young (6144K), 6 survivors (6144K)
 Metaspace       used 125320K, capacity 128860K, committed 129148K, reserved 1161216K
  class space    used 15337K, capacity 16585K, committed 16640K, reserved 1048576K
}
Event: 5187.207 GC heap before
{Heap before GC invocations=113 (full 0):
 garbage-first heap   total 328704K, used 327484K [0x0000000080000000, 0x0000000100000000)
  region size 1024K, 36 young (36864K), 6 survivors (6144K)
 Metaspace       used 125345K, capacity 128924K, committed 129148K, reserved 1161216K
  class space    used 15337K, capacity 16585K, committed 16640K, reserved 1048576K
}
Event: 5187.464 GC heap after
{Heap after GC invocations=114 (full 0):
 garbage-first heap   total 332800K, used 91735K [0x0000000080000000, 0x0000000100000000)
  region size 1024K, 4 young (4096K), 4 survivors (4096K)
 Metaspace       used 125345K, capacity 128924K, committed 129148K, reserved 1161216K
  class space    used 15337K, capacity 16585K, committed 16640K, reserved 1048576K
}
Event: 5727.265 GC heap before
{Heap before GC invocations=114 (full 0):
 garbage-first heap   total 332800K, used 104023K [0x0000000080000000, 0x0000000100000000)
  region size 1024K, 16 young (16384K), 4 survivors (4096K)
 Metaspace       used 125350K, capacity 128924K, committed 129148K, reserved 1161216K
  class space    used 15337K, capacity 16585K, committed 16640K, reserved 1048576K
}
Event: 5727.581 GC heap after
{Heap after GC invocations=115 (full 0):
 garbage-first heap   total 332800K, used 87856K [0x0000000080000000, 0x0000000100000000)
  region size 1024K, 1 young (1024K), 1 survivors (1024K)
 Metaspace       used 125350K, capacity 128924K, committed 129148K, reserved 1161216K
  class space    used 15337K, capacity 16585K, committed 16640K, reserved 1048576K
}

