# JRE version: OpenJDK Runtime Environment (11.0.8+10) (build 11.0.8+10-b944.6842174)
# Java VM: OpenJDK 64-Bit Server VM (11.0.8+10-b944.6842174, mixed mode, tiered, compressed oops, g1 gc, windows-amd64)
Heap:
 garbage-first heap   total 63488K, used 20147K [0x0000000080000000, 0x0000000100000000)
  region size 1024K, 7 young (7168K), 2 survivors (2048K)
 Metaspace       used 21229K, capacity 21809K, committed 22064K, reserved 1069056K
  class space    used 2645K, capacity 2844K, committed 2944K, reserved 1048576K
GC Heap History (12 events):
Event: 3.168 GC heap before
{Heap before GC invocations=0 (full 0):
 garbage-first heap   total 63488K, used 19456K [0x0000000080000000, 0x0000000100000000)
  region size 1024K, 14 young (14336K), 0 survivors (0K)
 Metaspace       used 7477K, capacity 7663K, committed 7936K, reserved 1056768K
  class space    used 687K, capacity 748K, committed 768K, reserved 1048576K
}
Event: 3.178 GC heap after
{Heap after GC invocations=1 (full 0):
 garbage-first heap   total 63488K, used 7651K [0x0000000080000000, 0x0000000100000000)
  region size 1024K, 2 young (2048K), 2 survivors (2048K)
 Metaspace       used 7477K, capacity 7663K, committed 7936K, reserved 1056768K
  class space    used 687K, capacity 748K, committed 768K, reserved 1048576K
}
Event: 4.574 GC heap before
{Heap before GC invocations=1 (full 0):
 garbage-first heap   total 63488K, used 19939K [0x0000000080000000, 0x0000000100000000)
  region size 1024K, 14 young (14336K), 2 survivors (2048K)
 Metaspace       used 10864K, capacity 11128K, committed 11264K, reserved 1058816K
  class space    used 1144K, capacity 1201K, committed 1280K, reserved 1048576K
}
Event: 4.583 GC heap after
{Heap after GC invocations=2 (full 0):
 garbage-first heap   total 63488K, used 8685K [0x0000000080000000, 0x0000000100000000)
  region size 1024K, 1 young (1024K), 1 survivors (1024K)
 Metaspace       used 10864K, capacity 11128K, committed 11264K, reserved 1058816K
  class space    used 1144K, capacity 1201K, committed 1280K, reserved 1048576K
}
Event: 5.714 GC heap before
{Heap before GC invocations=2 (full 0):
 garbage-first heap   total 63488K, used 30189K [0x0000000080000000, 0x0000000100000000)
  region size 1024K, 23 young (23552K), 1 survivors (1024K)
 Metaspace       used 10952K, capacity 11256K, committed 11520K, reserved 1058816K
  class space    used 1144K, capacity 1201K, committed 1280K, reserved 1048576K
}
Event: 5.721 GC heap after
{Heap after GC invocations=3 (full 0):
 garbage-first heap   total 63488K, used 10195K [0x0000000080000000, 0x0000000100000000)
  region size 1024K, 3 young (3072K), 3 survivors (3072K)
 Metaspace       used 10952K, capacity 11256K, committed 11520K, reserved 1058816K
  class space    used 1144K, capacity 1201K, committed 1280K, reserved 1048576K
}
Event: 8.026 GC heap before
{Heap before GC invocations=3 (full 0):
 garbage-first heap   total 63488K, used 33747K [0x0000000080000000, 0x0000000100000000)
  region size 1024K, 27 young (27648K), 3 survivors (3072K)
 Metaspace       used 14206K, capacity 14578K, committed 14848K, reserved 1062912K
  class space    used 1612K, capacity 1716K, committed 1792K, reserved 1048576K
}
Event: 8.045 GC heap after
{Heap after GC invocations=4 (full 0):
 garbage-first heap   total 63488K, used 14300K [0x0000000080000000, 0x0000000100000000)
  region size 1024K, 4 young (4096K), 4 survivors (4096K)
 Metaspace       used 14206K, capacity 14578K, committed 14848K, reserved 1062912K
  class space    used 1612K, capacity 1716K, committed 1792K, reserved 1048576K
}
Event: 12.719 GC heap before
{Heap before GC invocations=4 (full 0):
 garbage-first heap   total 63488K, used 38876K [0x0000000080000000, 0x0000000100000000)
  region size 1024K, 28 young (28672K), 4 survivors (4096K)
 Metaspace       used 19124K, capacity 19584K, committed 19712K, reserved 1067008K
  class space    used 2320K, capacity 2459K, committed 2560K, reserved 1048576K
}
Event: 12.728 GC heap after
{Heap after GC invocations=5 (full 0):
 garbage-first heap   total 63488K, used 15737K [0x0000000080000000, 0x0000000100000000)
  region size 1024K, 2 young (2048K), 2 survivors (2048K)
 Metaspace       used 19124K, capacity 19584K, committed 19712K, reserved 1067008K
  class space    used 2320K, capacity 2459K, committed 2560K, reserved 1048576K
}
Event: 15.126 GC heap before
{Heap before GC invocations=5 (full 0):
 garbage-first heap   total 63488K, used 24953K [0x0000000080000000, 0x0000000100000000)
  region size 1024K, 12 young (12288K), 2 survivors (2048K)
 Metaspace       used 20608K, capacity 21127K, committed 21296K, reserved 1069056K
  class space    used 2520K, capacity 2680K, committed 2688K, reserved 1048576K
}
Event: 15.134 GC heap after
{Heap after GC invocations=6 (full 0):
 garbage-first heap   total 63488K, used 16051K [0x0000000080000000, 0x0000000100000000)
  region size 1024K, 2 young (2048K), 2 survivors (2048K)
 Metaspace       used 20608K, capacity 21127K, committed 21296K, reserved 1069056K
  class space    used 2520K, capacity 2680K, committed 2688K, reserved 1048576K
}

